app/build/intermediates/manifest_merge_blame_file/debug/processDebugMainManifest/manifest-merger-blame-debug-report.txt
1<?xml version="1.0" encoding="utf-8"?>
2<manifest xmlns:android="http://schemas.android.com/apk/res/android"
3    package="com.example.shoppingmanagment"
4    android:versionCode="1"
5    android:versionName="1.0" >
6
7    <uses-sdk
8        android:minSdkVersion="24"
9        android:targetSdkVersion="34" />
10
11    <uses-permission android:name="android.permission.INTERNET" />
11-->[com.google.firebase:firebase-auth:23.1.0] AndroidManifest.xml:25:5-67
11-->[com.google.firebase:firebase-auth:23.1.0] AndroidManifest.xml:25:22-64
12    <uses-permission android:name="android.permission.ACCESS_NETWORK_STATE" />
12-->[com.google.firebase:firebase-auth:23.1.0] AndroidManifest.xml:26:5-79
12-->[com.google.firebase:firebase-auth:23.1.0] AndroidManifest.xml:26:22-76
13    <uses-permission android:name="com.google.android.providers.gsf.permission.READ_GSERVICES" />
13-->[com.google.android.recaptcha:recaptcha:18.5.1] AndroidManifest.xml:9:5-98
13-->[com.google.android.recaptcha:recaptcha:18.5.1] AndroidManifest.xml:9:22-95
14
15    <permission
15-->[androidx.core:core:1.13.0] AndroidManifest.xml:22:5-24:47
16        android:name="com.example.shoppingmanagment.DYNAMIC_RECEIVER_NOT_EXPORTED_PERMISSION"
16-->[androidx.core:core:1.13.0] AndroidManifest.xml:23:9-81
17        android:protectionLevel="signature" />
17-->[androidx.core:core:1.13.0] AndroidManifest.xml:24:9-44
18
19    <uses-permission android:name="com.example.shoppingmanagment.DYNAMIC_RECEIVER_NOT_EXPORTED_PERMISSION" />
19-->[androidx.core:core:1.13.0] AndroidManifest.xml:26:5-97
19-->[androidx.core:core:1.13.0] AndroidManifest.xml:26:22-94
20
21    <application
21-->src\main\AndroidManifest.xml:5:5-24:19
22        android:allowBackup="true"
22-->src\main\AndroidManifest.xml:6:9-35
23        android:appComponentFactory="androidx.core.app.CoreComponentFactory"
23-->[androidx.core:core:1.13.0] AndroidManifest.xml:28:18-86
24        android:dataExtractionRules="@xml/data_extraction_rules"
24-->src\main\AndroidManifest.xml:7:9-65
25        android:debuggable="true"
26        android:extractNativeLibs="false"
27        android:fullBackupContent="@xml/backup_rules"
27-->src\main\AndroidManifest.xml:8:9-54
28        android:icon="@mipmap/ic_launcher"
28-->src\main\AndroidManifest.xml:9:9-43
29        android:label="@string/app_name"
29-->src\main\AndroidManifest.xml:10:9-41
30        android:roundIcon="@mipmap/ic_launcher_round"
30-->src\main\AndroidManifest.xml:11:9-54
31        android:supportsRtl="true"
31-->src\main\AndroidManifest.xml:12:9-35
32        android:testOnly="true"
33        android:theme="@style/Theme.ShoppingManagment" >
33-->src\main\AndroidManifest.xml:13:9-55
34        <activity
34-->src\main\AndroidManifest.xml:15:9-23:20
35            android:name="com.example.shoppingmanagment.activities.MainActivity"
35-->src\main\AndroidManifest.xml:16:13-52
36            android:exported="true" >
36-->src\main\AndroidManifest.xml:17:13-36
37            <intent-filter>
37-->src\main\AndroidManifest.xml:18:13-22:29
38                <action android:name="android.intent.action.MAIN" />
38-->src\main\AndroidManifest.xml:19:17-69
38-->src\main\AndroidManifest.xml:19:25-66
39
40                <category android:name="android.intent.category.LAUNCHER" />
40-->src\main\AndroidManifest.xml:21:17-77
40-->src\main\AndroidManifest.xml:21:27-74
41            </intent-filter>
42        </activity>
43        <activity
43-->[com.google.firebase:firebase-auth:23.1.0] AndroidManifest.xml:29:9-46:20
44            android:name="com.google.firebase.auth.internal.GenericIdpActivity"
44-->[com.google.firebase:firebase-auth:23.1.0] AndroidManifest.xml:30:13-80
45            android:excludeFromRecents="true"
45-->[com.google.firebase:firebase-auth:23.1.0] AndroidManifest.xml:31:13-46
46            android:exported="true"
46-->[com.google.firebase:firebase-auth:23.1.0] AndroidManifest.xml:32:13-36
47            android:launchMode="singleTask"
47-->[com.google.firebase:firebase-auth:23.1.0] AndroidManifest.xml:33:13-44
48            android:theme="@android:style/Theme.Translucent.NoTitleBar" >
48-->[com.google.firebase:firebase-auth:23.1.0] AndroidManifest.xml:34:13-72
49            <intent-filter>
49-->[com.google.firebase:firebase-auth:23.1.0] AndroidManifest.xml:35:13-45:29
50                <action android:name="android.intent.action.VIEW" />
50-->[com.google.firebase:firebase-auth:23.1.0] AndroidManifest.xml:36:17-69
50-->[com.google.firebase:firebase-auth:23.1.0] AndroidManifest.xml:36:25-66
51
52                <category android:name="android.intent.category.DEFAULT" />
52-->[com.google.firebase:firebase-auth:23.1.0] AndroidManifest.xml:38:17-76
52-->[com.google.firebase:firebase-auth:23.1.0] AndroidManifest.xml:38:27-73
53                <category android:name="android.intent.category.BROWSABLE" />
53-->[com.google.firebase:firebase-auth:23.1.0] AndroidManifest.xml:39:17-78
53-->[com.google.firebase:firebase-auth:23.1.0] AndroidManifest.xml:39:27-75
54
55                <data
55-->[com.google.firebase:firebase-auth:23.1.0] AndroidManifest.xml:41:17-44:51
56                    android:host="firebase.auth"
56-->[com.google.firebase:firebase-auth:23.1.0] AndroidManifest.xml:42:21-49
57                    android:path="/"
57-->[com.google.firebase:firebase-auth:23.1.0] AndroidManifest.xml:43:21-37
58                    android:scheme="genericidp" />
58-->[com.google.firebase:firebase-auth:23.1.0] AndroidManifest.xml:44:21-48
59            </intent-filter>
60        </activity>
61        <activity
61-->[com.google.firebase:firebase-auth:23.1.0] AndroidManifest.xml:47:9-64:20
62            android:name="com.google.firebase.auth.internal.RecaptchaActivity"
62-->[com.google.firebase:firebase-auth:23.1.0] AndroidManifest.xml:48:13-79
63            android:excludeFromRecents="true"
63-->[com.google.firebase:firebase-auth:23.1.0] AndroidManifest.xml:49:13-46
64            android:exported="true"
64-->[com.google.firebase:firebase-auth:23.1.0] AndroidManifest.xml:50:13-36
65            android:launchMode="singleTask"
65-->[com.google.firebase:firebase-auth:23.1.0] AndroidManifest.xml:51:13-44
66            android:theme="@android:style/Theme.Translucent.NoTitleBar" >
66-->[com.google.firebase:firebase-auth:23.1.0] AndroidManifest.xml:52:13-72
67            <intent-filter>
67-->[com.google.firebase:firebase-auth:23.1.0] AndroidManifest.xml:53:13-63:29
68                <action android:name="android.intent.action.VIEW" />
68-->[com.google.firebase:firebase-auth:23.1.0] AndroidManifest.xml:36:17-69
68-->[com.google.firebase:firebase-auth:23.1.0] AndroidManifest.xml:36:25-66
69
70                <category android:name="android.intent.category.DEFAULT" />
70-->[com.google.firebase:firebase-auth:23.1.0] AndroidManifest.xml:38:17-76
70-->[com.google.firebase:firebase-auth:23.1.0] AndroidManifest.xml:38:27-73
71                <category android:name="android.intent.category.BROWSABLE" />
71-->[com.google.firebase:firebase-auth:23.1.0] AndroidManifest.xml:39:17-78
71-->[com.google.firebase:firebase-auth:23.1.0] AndroidManifest.xml:39:27-75
72
73                <data
73-->[com.google.firebase:firebase-auth:23.1.0] AndroidManifest.xml:41:17-44:51
74                    android:host="firebase.auth"
74-->[com.google.firebase:firebase-auth:23.1.0] AndroidManifest.xml:42:21-49
75                    android:path="/"
75-->[com.google.firebase:firebase-auth:23.1.0] AndroidManifest.xml:43:21-37
76                    android:scheme="recaptcha" />
76-->[com.google.firebase:firebase-auth:23.1.0] AndroidManifest.xml:44:21-48
77            </intent-filter>
78        </activity>
79
80        <service
80-->[com.google.firebase:firebase-auth:23.1.0] AndroidManifest.xml:66:9-72:19
81            android:name="com.google.firebase.components.ComponentDiscoveryService"
81-->[com.google.firebase:firebase-auth:23.1.0] AndroidManifest.xml:67:13-84
82            android:directBootAware="true"
82-->[com.google.firebase:firebase-common:21.0.0] AndroidManifest.xml:32:13-43
83            android:exported="false" >
83-->[com.google.firebase:firebase-auth:23.1.0] AndroidManifest.xml:68:13-37
84            <meta-data
84-->[com.google.firebase:firebase-auth:23.1.0] AndroidManifest.xml:69:13-71:85
85                android:name="com.google.firebase.components:com.google.firebase.auth.FirebaseAuthRegistrar"
85-->[com.google.firebase:firebase-auth:23.1.0] AndroidManifest.xml:70:17-109
86                android:value="com.google.firebase.components.ComponentRegistrar" />
86-->[com.google.firebase:firebase-auth:23.1.0] AndroidManifest.xml:71:17-82
87            <meta-data
87-->[com.google.firebase:firebase-database:21.0.0] AndroidManifest.xml:29:13-31:85
88                android:name="com.google.firebase.components:com.google.firebase.database.FirebaseDatabaseKtxRegistrar"
88-->[com.google.firebase:firebase-database:21.0.0] AndroidManifest.xml:30:17-120
89                android:value="com.google.firebase.components.ComponentRegistrar" />
89-->[com.google.firebase:firebase-database:21.0.0] AndroidManifest.xml:31:17-82
90            <meta-data
90-->[com.google.firebase:firebase-database:21.0.0] AndroidManifest.xml:32:13-34:85
91                android:name="com.google.firebase.components:com.google.firebase.database.DatabaseRegistrar"
91-->[com.google.firebase:firebase-database:21.0.0] AndroidManifest.xml:33:17-109
92                android:value="com.google.firebase.components.ComponentRegistrar" />
92-->[com.google.firebase:firebase-database:21.0.0] AndroidManifest.xml:34:17-82
93            <meta-data
93-->[com.google.firebase:firebase-common-ktx:21.0.0] AndroidManifest.xml:12:13-14:85
94                android:name="com.google.firebase.components:com.google.firebase.ktx.FirebaseCommonLegacyRegistrar"
94-->[com.google.firebase:firebase-common-ktx:21.0.0] AndroidManifest.xml:13:17-116
95                android:value="com.google.firebase.components.ComponentRegistrar" />
95-->[com.google.firebase:firebase-common-ktx:21.0.0] AndroidManifest.xml:14:17-82
96            <meta-data
96-->[com.google.firebase:firebase-common:21.0.0] AndroidManifest.xml:35:13-37:85
97                android:name="com.google.firebase.components:com.google.firebase.FirebaseCommonKtxRegistrar"
97-->[com.google.firebase:firebase-common:21.0.0] AndroidManifest.xml:36:17-109
98                android:value="com.google.firebase.components.ComponentRegistrar" />
98-->[com.google.firebase:firebase-common:21.0.0] AndroidManifest.xml:37:17-82
99        </service>
100        <service
100-->[androidx.credentials:credentials-play-services-auth:1.2.0-rc01] AndroidManifest.xml:24:9-32:19
101            android:name="androidx.credentials.playservices.CredentialProviderMetadataHolder"
101-->[androidx.credentials:credentials-play-services-auth:1.2.0-rc01] AndroidManifest.xml:25:13-94
102            android:enabled="true"
102-->[androidx.credentials:credentials-play-services-auth:1.2.0-rc01] AndroidManifest.xml:26:13-35
103            android:exported="false" >
103-->[androidx.credentials:credentials-play-services-auth:1.2.0-rc01] AndroidManifest.xml:27:13-37
104            <meta-data
104-->[androidx.credentials:credentials-play-services-auth:1.2.0-rc01] AndroidManifest.xml:29:13-31:104
105                android:name="androidx.credentials.CREDENTIAL_PROVIDER_KEY"
105-->[androidx.credentials:credentials-play-services-auth:1.2.0-rc01] AndroidManifest.xml:30:17-76
106                android:value="androidx.credentials.playservices.CredentialProviderPlayServicesImpl" />
106-->[androidx.credentials:credentials-play-services-auth:1.2.0-rc01] AndroidManifest.xml:31:17-101
107        </service>
108
109        <activity
109-->[androidx.credentials:credentials-play-services-auth:1.2.0-rc01] AndroidManifest.xml:34:9-41:20
110            android:name="androidx.credentials.playservices.HiddenActivity"
110-->[androidx.credentials:credentials-play-services-auth:1.2.0-rc01] AndroidManifest.xml:35:13-76
111            android:configChanges="orientation|screenSize|screenLayout|keyboardHidden"
111-->[androidx.credentials:credentials-play-services-auth:1.2.0-rc01] AndroidManifest.xml:36:13-87
112            android:enabled="true"
112-->[androidx.credentials:credentials-play-services-auth:1.2.0-rc01] AndroidManifest.xml:37:13-35
113            android:exported="false"
113-->[androidx.credentials:credentials-play-services-auth:1.2.0-rc01] AndroidManifest.xml:38:13-37
114            android:fitsSystemWindows="true"
114-->[androidx.credentials:credentials-play-services-auth:1.2.0-rc01] AndroidManifest.xml:39:13-45
115            android:theme="@style/Theme.Hidden" >
115-->[androidx.credentials:credentials-play-services-auth:1.2.0-rc01] AndroidManifest.xml:40:13-48
116        </activity>
117        <activity
117-->[com.google.android.gms:play-services-auth:20.7.0] AndroidManifest.xml:23:9-27:75
118            android:name="com.google.android.gms.auth.api.signin.internal.SignInHubActivity"
118-->[com.google.android.gms:play-services-auth:20.7.0] AndroidManifest.xml:24:13-93
119            android:excludeFromRecents="true"
119-->[com.google.android.gms:play-services-auth:20.7.0] AndroidManifest.xml:25:13-46
120            android:exported="false"
120-->[com.google.android.gms:play-services-auth:20.7.0] AndroidManifest.xml:26:13-37
121            android:theme="@android:style/Theme.Translucent.NoTitleBar" />
121-->[com.google.android.gms:play-services-auth:20.7.0] AndroidManifest.xml:27:13-72
122        <!--
123            Service handling Google Sign-In user revocation. For apps that do not integrate with
124            Google Sign-In, this service will never be started.
125        -->
126        <service
126-->[com.google.android.gms:play-services-auth:20.7.0] AndroidManifest.xml:33:9-37:51
127            android:name="com.google.android.gms.auth.api.signin.RevocationBoundService"
127-->[com.google.android.gms:play-services-auth:20.7.0] AndroidManifest.xml:34:13-89
128            android:exported="true"
128-->[com.google.android.gms:play-services-auth:20.7.0] AndroidManifest.xml:35:13-36
129            android:permission="com.google.android.gms.auth.api.signin.permission.REVOCATION_NOTIFICATION"
129-->[com.google.android.gms:play-services-auth:20.7.0] AndroidManifest.xml:36:13-107
130            android:visibleToInstantApps="true" />
130-->[com.google.android.gms:play-services-auth:20.7.0] AndroidManifest.xml:37:13-48
131
132        <activity
132-->[com.google.android.gms:play-services-base:18.1.0] AndroidManifest.xml:20:9-22:45
133            android:name="com.google.android.gms.common.api.GoogleApiActivity"
133-->[com.google.android.gms:play-services-base:18.1.0] AndroidManifest.xml:20:19-85
134            android:exported="false"
134-->[com.google.android.gms:play-services-base:18.1.0] AndroidManifest.xml:22:19-43
135            android:theme="@android:style/Theme.Translucent.NoTitleBar" />
135-->[com.google.android.gms:play-services-base:18.1.0] AndroidManifest.xml:21:19-78
136
137        <provider
137-->[com.google.firebase:firebase-common:21.0.0] AndroidManifest.xml:23:9-28:39
138            android:name="com.google.firebase.provider.FirebaseInitProvider"
138-->[com.google.firebase:firebase-common:21.0.0] AndroidManifest.xml:24:13-77
139            android:authorities="com.example.shoppingmanagment.firebaseinitprovider"
139-->[com.google.firebase:firebase-common:21.0.0] AndroidManifest.xml:25:13-72
140            android:directBootAware="true"
140-->[com.google.firebase:firebase-common:21.0.0] AndroidManifest.xml:26:13-43
141            android:exported="false"
141-->[com.google.firebase:firebase-common:21.0.0] AndroidManifest.xml:27:13-37
142            android:initOrder="100" />
142-->[com.google.firebase:firebase-common:21.0.0] AndroidManifest.xml:28:13-36
143        <provider
143-->[androidx.emoji2:emoji2:1.3.0] AndroidManifest.xml:24:9-32:20
144            android:name="androidx.startup.InitializationProvider"
144-->[androidx.emoji2:emoji2:1.3.0] AndroidManifest.xml:25:13-67
145            android:authorities="com.example.shoppingmanagment.androidx-startup"
145-->[androidx.emoji2:emoji2:1.3.0] AndroidManifest.xml:26:13-68
146            android:exported="false" >
146-->[androidx.emoji2:emoji2:1.3.0] AndroidManifest.xml:27:13-37
147            <meta-data
147-->[androidx.emoji2:emoji2:1.3.0] AndroidManifest.xml:29:13-31:52
148                android:name="androidx.emoji2.text.EmojiCompatInitializer"
148-->[androidx.emoji2:emoji2:1.3.0] AndroidManifest.xml:30:17-75
149                android:value="androidx.startup" />
149-->[androidx.emoji2:emoji2:1.3.0] AndroidManifest.xml:31:17-49
150            <meta-data
150-->[androidx.lifecycle:lifecycle-process:2.6.2] AndroidManifest.xml:29:13-31:52
151                android:name="androidx.lifecycle.ProcessLifecycleInitializer"
151-->[androidx.lifecycle:lifecycle-process:2.6.2] AndroidManifest.xml:30:17-78
152                android:value="androidx.startup" />
152-->[androidx.lifecycle:lifecycle-process:2.6.2] AndroidManifest.xml:31:17-49
153            <meta-data
153-->[androidx.profileinstaller:profileinstaller:1.4.0] AndroidManifest.xml:29:13-31:52
154                android:name="androidx.profileinstaller.ProfileInstallerInitializer"
154-->[androidx.profileinstaller:profileinstaller:1.4.0] AndroidManifest.xml:30:17-85
155                android:value="androidx.startup" />
155-->[androidx.profileinstaller:profileinstaller:1.4.0] AndroidManifest.xml:31:17-49
156        </provider>
157
158        <uses-library
158-->[androidx.window:window:1.0.0] AndroidManifest.xml:25:9-27:40
159            android:name="androidx.window.extensions"
159-->[androidx.window:window:1.0.0] AndroidManifest.xml:26:13-54
160            android:required="false" />
160-->[androidx.window:window:1.0.0] AndroidManifest.xml:27:13-37
161        <uses-library
161-->[androidx.window:window:1.0.0] AndroidManifest.xml:28:9-30:40
162            android:name="androidx.window.sidecar"
162-->[androidx.window:window:1.0.0] AndroidManifest.xml:29:13-51
163            android:required="false" />
163-->[androidx.window:window:1.0.0] AndroidManifest.xml:30:13-37
164
165        <meta-data
165-->[com.google.android.gms:play-services-basement:18.4.0] AndroidManifest.xml:6:9-122
166            android:name="com.google.android.gms.version"
166-->[com.google.android.gms:play-services-basement:18.4.0] AndroidManifest.xml:6:20-65
167            android:value="@integer/google_play_services_version" />
167-->[com.google.android.gms:play-services-basement:18.4.0] AndroidManifest.xml:6:66-119
168
169        <receiver
169-->[androidx.profileinstaller:profileinstaller:1.4.0] AndroidManifest.xml:34:9-52:20
170            android:name="androidx.profileinstaller.ProfileInstallReceiver"
170-->[androidx.profileinstaller:profileinstaller:1.4.0] AndroidManifest.xml:35:13-76
171            android:directBootAware="false"
171-->[androidx.profileinstaller:profileinstaller:1.4.0] AndroidManifest.xml:36:13-44
172            android:enabled="true"
172-->[androidx.profileinstaller:profileinstaller:1.4.0] AndroidManifest.xml:37:13-35
173            android:exported="true"
173-->[androidx.profileinstaller:profileinstaller:1.4.0] AndroidManifest.xml:38:13-36
174            android:permission="android.permission.DUMP" >
174-->[androidx.profileinstaller:profileinstaller:1.4.0] AndroidManifest.xml:39:13-57
175            <intent-filter>
175-->[androidx.profileinstaller:profileinstaller:1.4.0] AndroidManifest.xml:40:13-42:29
176                <action android:name="androidx.profileinstaller.action.INSTALL_PROFILE" />
176-->[androidx.profileinstaller:profileinstaller:1.4.0] AndroidManifest.xml:41:17-91
176-->[androidx.profileinstaller:profileinstaller:1.4.0] AndroidManifest.xml:41:25-88
177            </intent-filter>
178            <intent-filter>
178-->[androidx.profileinstaller:profileinstaller:1.4.0] AndroidManifest.xml:43:13-45:29
179                <action android:name="androidx.profileinstaller.action.SKIP_FILE" />
179-->[androidx.profileinstaller:profileinstaller:1.4.0] AndroidManifest.xml:44:17-85
179-->[androidx.profileinstaller:profileinstaller:1.4.0] AndroidManifest.xml:44:25-82
180            </intent-filter>
181            <intent-filter>
181-->[androidx.profileinstaller:profileinstaller:1.4.0] AndroidManifest.xml:46:13-48:29
182                <action android:name="androidx.profileinstaller.action.SAVE_PROFILE" />
182-->[androidx.profileinstaller:profileinstaller:1.4.0] AndroidManifest.xml:47:17-88
182-->[androidx.profileinstaller:profileinstaller:1.4.0] AndroidManifest.xml:47:25-85
183            </intent-filter>
184            <intent-filter>
184-->[androidx.profileinstaller:profileinstaller:1.4.0] AndroidManifest.xml:49:13-51:29
185                <action android:name="androidx.profileinstaller.action.BENCHMARK_OPERATION" />
185-->[androidx.profileinstaller:profileinstaller:1.4.0] AndroidManifest.xml:50:17-95
185-->[androidx.profileinstaller:profileinstaller:1.4.0] AndroidManifest.xml:50:25-92
186            </intent-filter>
187        </receiver> <!-- The activities will be merged into the manifest of the hosting app. -->
188        <activity
188-->[com.google.android.play:core-common:2.0.3] AndroidManifest.xml:14:9-18:65
189            android:name="com.google.android.play.core.common.PlayCoreDialogWrapperActivity"
189-->[com.google.android.play:core-common:2.0.3] AndroidManifest.xml:15:13-93
190            android:exported="false"
190-->[com.google.android.play:core-common:2.0.3] AndroidManifest.xml:16:13-37
191            android:stateNotNeeded="true"
191-->[com.google.android.play:core-common:2.0.3] AndroidManifest.xml:17:13-42
192            android:theme="@style/Theme.PlayCore.Transparent" />
192-->[com.google.android.play:core-common:2.0.3] AndroidManifest.xml:18:13-62
193    </application>
194
195</manifest>